<?xml version="1.0" encoding="UTF-8"?>
<!-- Generated by org.testng.reporters.JUnitXMLReporter -->
<testsuite hostname="asda1713po02529" ignored="0" name="test" tests="12" failures="0" timestamp="14 Jul 2017 10:12:14 GMT" time="2.017" errors="0">
  <testcase name="createboardtest" time="0.149" classname="rest.oAuth2.BoardTest"/>
  <testcase name="registerplayer" time="0.066" classname="rest.oAuth2.playertest"/>
  <testcase name="getlistofboardtest" time="0.766" classname="rest.oAuth2.BoardTest"/>
  <testcase name="getplayerdetails" time="0.063" classname="rest.oAuth2.playertest"/>
  <testcase name="getddetailofboard" time="0.063" classname="rest.oAuth2.BoardTest"/>
  <testcase name="updateplayerdetailtest" time="0.052" classname="rest.oAuth2.playertest"/>
  <testcase name="resetboardtest" time="0.047" classname="rest.oAuth2.BoardTest"/>
  <testcase name="moveplayertest" time="0.114" classname="rest.oAuth2.playertest"/>
  <testcase name="deleteboardtest" time="0.073" classname="rest.oAuth2.BoardTest"/>
  <testcase name="deleteplayertest" time="0.191" classname="rest.oAuth2.playertest"/>
  <testcase name="alreadydeletedboard_deletetest" time="0.037" classname="rest.oAuth2.BoardTest"/>
  <testcase name="alreadydeletedplayer_deletetest" time="0.047" classname="rest.oAuth2.playertest"/>
</testsuite> <!-- test -->
