<?xml version="1.0" encoding="UTF-8"?>
<!-- Generated by org.testng.reporters.JUnitXMLReporter -->
<testsuite hostname="asda1713po02529" ignored="0" name="test" tests="12" failures="0" timestamp="14 Jul 2017 04:30:00 GMT" time="1.121" errors="0">
  <testcase name="createboardtest" time="0.093" classname="rest.basicAuth.BoardTest"/>
  <testcase name="registerplayer" time="0.05" classname="rest.basicAuth.playertest"/>
  <testcase name="getlistofboardtest" time="0.206" classname="rest.basicAuth.BoardTest"/>
  <testcase name="getplayerdetails" time="0.048" classname="rest.basicAuth.playertest"/>
  <testcase name="getddetailofboard" time="0.034" classname="rest.basicAuth.BoardTest"/>
  <testcase name="updateplayerdetailtest" time="0.037" classname="rest.basicAuth.playertest"/>
  <testcase name="resetboardtest" time="0.04" classname="rest.basicAuth.BoardTest"/>
  <testcase name="moveplayertest" time="0.107" classname="rest.basicAuth.playertest"/>
  <testcase name="deleteboardtest" time="0.081" classname="rest.basicAuth.BoardTest"/>
  <testcase name="deleteplayertest" time="0.199" classname="rest.basicAuth.playertest"/>
  <testcase name="alreadydeletedboard_deletetest" time="0.039" classname="rest.basicAuth.BoardTest"/>
  <testcase name="alreadydeletedplayer_deletetest" time="0.04" classname="rest.basicAuth.playertest"/>
</testsuite> <!-- test -->
