<?xml version="1.0" encoding="UTF-8"?>
<!-- Generated by org.testng.reporters.JUnitXMLReporter -->
<testsuite hostname="asda1713po02529" ignored="0" name="Default test" tests="6" failures="0" timestamp="14 Jul 2017 04:29:53 GMT" time="0.557" errors="0">
  <testcase name="registerplayer" time="0.089" classname="rest.basicAuth.playertest"/>
  <testcase name="getplayerdetails" time="0.027" classname="rest.basicAuth.playertest"/>
  <testcase name="updateplayerdetailtest" time="0.03" classname="rest.basicAuth.playertest"/>
  <testcase name="moveplayertest" time="0.058" classname="rest.basicAuth.playertest"/>
  <testcase name="deleteplayertest" time="0.198" classname="rest.basicAuth.playertest"/>
  <testcase name="alreadydeletedplayer_deletetest" time="0.029" classname="rest.basicAuth.playertest"/>
</testsuite> <!-- Default test -->
