<?xml version="1.0" encoding="UTF-8"?>
<!-- Generated by org.testng.reporters.JUnitXMLReporter -->
<testsuite hostname="asda1713po02529" ignored="0" name="Default test" tests="6" failures="0" timestamp="14 Jul 2017 10:11:38 GMT" time="0.758" errors="0">
  <testcase name="registerplayer" time="0.095" classname="rest.oAuth2.playertest"/>
  <testcase name="getplayerdetails" time="0.044" classname="rest.oAuth2.playertest"/>
  <testcase name="updateplayerdetailtest" time="0.041" classname="rest.oAuth2.playertest"/>
  <testcase name="moveplayertest" time="0.081" classname="rest.oAuth2.playertest"/>
  <testcase name="deleteplayertest" time="0.213" classname="rest.oAuth2.playertest"/>
  <testcase name="alreadydeletedplayer_deletetest" time="0.047" classname="rest.oAuth2.playertest"/>
</testsuite> <!-- Default test -->
