<?xml version="1.0" encoding="UTF-8"?>
<!-- Generated by org.testng.reporters.JUnitXMLReporter -->
<testsuite hostname="asda1713po02529" ignored="0" name="test" tests="12" failures="0" timestamp="14 Jul 2017 04:24:23 GMT" time="1.566" errors="0">
  <testcase name="createboardtest" time="0.121" classname="rest.noAuth.firstpackage.BoardTest"/>
  <testcase name="registerplayer" time="0.098" classname="rest.noAuth.firstpackage.playertest"/>
  <testcase name="getlistofboardtest" time="0.184" classname="rest.noAuth.firstpackage.BoardTest"/>
  <testcase name="getplayerdetails" time="0.048" classname="rest.noAuth.firstpackage.playertest"/>
  <testcase name="getddetailofboard" time="0.048" classname="rest.noAuth.firstpackage.BoardTest"/>
  <testcase name="updateplayerdetailtest" time="0.047" classname="rest.noAuth.firstpackage.playertest"/>
  <testcase name="resetboardtest" time="0.065" classname="rest.noAuth.firstpackage.BoardTest"/>
  <testcase name="moveplayertest" time="0.113" classname="rest.noAuth.firstpackage.playertest"/>
  <testcase name="deleteboardtest" time="0.098" classname="rest.noAuth.firstpackage.BoardTest"/>
  <testcase name="deleteplayertest" time="0.234" classname="rest.noAuth.firstpackage.playertest"/>
  <testcase name="alreadydeletedboard_deletetest" time="0.08" classname="rest.noAuth.firstpackage.BoardTest"/>
  <testcase name="alreadydeletedplayer_deletetest" time="0.197" classname="rest.noAuth.firstpackage.playertest"/>
</testsuite> <!-- test -->
