<?xml version="1.0" encoding="UTF-8"?>
<!-- Generated by org.testng.reporters.JUnitXMLReporter -->
<testsuite hostname="asda1713po02529" ignored="0" name="test" tests="12" failures="0" timestamp="13 Jul 2017 11:41:15 GMT" time="1.142" errors="0">
  <testcase name="createboardtest" time="0.09" classname="firstpackage.BoardTest"/>
  <testcase name="registerplayer" time="0.065" classname="firstpackage.playertest"/>
  <testcase name="getlistofboardtest" time="0.061" classname="firstpackage.BoardTest"/>
  <testcase name="getplayerdetails" time="0.035" classname="firstpackage.playertest"/>
  <testcase name="getddetailofboard" time="0.034" classname="firstpackage.BoardTest"/>
  <testcase name="updateplayerdetailtest" time="0.043" classname="firstpackage.playertest"/>
  <testcase name="resetboardtest" time="0.046" classname="firstpackage.BoardTest"/>
  <testcase name="moveplayertest" time="0.092" classname="firstpackage.playertest"/>
  <testcase name="deleteboardtest" time="0.073" classname="firstpackage.BoardTest"/>
  <testcase name="deleteplayertest" time="0.226" classname="firstpackage.playertest"/>
  <testcase name="alreadydeletedboard_deletetest" time="0.054" classname="firstpackage.BoardTest"/>
  <testcase name="alreadydeletedplayer_deletetest" time="0.168" classname="firstpackage.playertest"/>
</testsuite> <!-- test -->
