<?xml version="1.0" encoding="UTF-8"?>
<testng-results skipped="0" failed="0" ignored="0" total="12" passed="12">
  <reporter-output>
  </reporter-output>
  <suite name="suite2" duration-ms="1121" started-at="2017-07-14T04:29:58Z" finished-at="2017-07-14T04:30:00Z">
    <groups>
    </groups>
    <test name="test" duration-ms="1121" started-at="2017-07-14T04:29:58Z" finished-at="2017-07-14T04:30:00Z">
      <class name="rest.basicAuth.BoardTest">
        <test-method status="PASS" signature="createboardtest()[pri:1, instance:rest.basicAuth.BoardTest@523884b2]" name="createboardtest" duration-ms="93" started-at="2017-07-14T09:59:59Z" finished-at="2017-07-14T09:59:59Z">
          <reporter-output>
          </reporter-output>
        </test-method> <!-- createboardtest -->
        <test-method status="PASS" signature="getlistofboardtest()[pri:2, instance:rest.basicAuth.BoardTest@523884b2]" name="getlistofboardtest" duration-ms="206" started-at="2017-07-14T09:59:59Z" finished-at="2017-07-14T09:59:59Z">
          <reporter-output>
          </reporter-output>
        </test-method> <!-- getlistofboardtest -->
        <test-method status="PASS" signature="getddetailofboard()[pri:3, instance:rest.basicAuth.BoardTest@523884b2]" name="getddetailofboard" duration-ms="34" started-at="2017-07-14T09:59:59Z" finished-at="2017-07-14T09:59:59Z">
          <reporter-output>
          </reporter-output>
        </test-method> <!-- getddetailofboard -->
        <test-method status="PASS" signature="resetboardtest()[pri:4, instance:rest.basicAuth.BoardTest@523884b2]" name="resetboardtest" duration-ms="40" started-at="2017-07-14T09:59:59Z" finished-at="2017-07-14T09:59:59Z">
          <reporter-output>
          </reporter-output>
        </test-method> <!-- resetboardtest -->
        <test-method status="PASS" signature="deleteboardtest()[pri:5, instance:rest.basicAuth.BoardTest@523884b2]" name="deleteboardtest" duration-ms="81" started-at="2017-07-14T09:59:59Z" finished-at="2017-07-14T09:59:59Z">
          <reporter-output>
          </reporter-output>
        </test-method> <!-- deleteboardtest -->
        <test-method status="PASS" signature="alreadydeletedboard_deletetest()[pri:6, instance:rest.basicAuth.BoardTest@523884b2]" name="alreadydeletedboard_deletetest" duration-ms="39" started-at="2017-07-14T09:59:59Z" finished-at="2017-07-14T09:59:59Z">
          <reporter-output>
          </reporter-output>
        </test-method> <!-- alreadydeletedboard_deletetest -->
      </class> <!-- rest.basicAuth.BoardTest -->
      <class name="rest.basicAuth.playertest">
        <test-method status="PASS" signature="createboard()[pri:0, instance:rest.basicAuth.playertest@4501b7af]" name="createboard" is-config="true" duration-ms="115" started-at="2017-07-14T09:59:58Z" finished-at="2017-07-14T09:59:59Z">
          <reporter-output>
          </reporter-output>
        </test-method> <!-- createboard -->
        <test-method status="PASS" signature="registerplayer()[pri:1, instance:rest.basicAuth.playertest@4501b7af]" name="registerplayer" duration-ms="50" started-at="2017-07-14T09:59:59Z" finished-at="2017-07-14T09:59:59Z">
          <reporter-output>
          </reporter-output>
        </test-method> <!-- registerplayer -->
        <test-method status="PASS" signature="getplayerdetails()[pri:2, instance:rest.basicAuth.playertest@4501b7af]" name="getplayerdetails" duration-ms="48" started-at="2017-07-14T09:59:59Z" finished-at="2017-07-14T09:59:59Z">
          <reporter-output>
          </reporter-output>
        </test-method> <!-- getplayerdetails -->
        <test-method status="PASS" signature="updateplayerdetailtest()[pri:3, instance:rest.basicAuth.playertest@4501b7af]" name="updateplayerdetailtest" duration-ms="37" started-at="2017-07-14T09:59:59Z" finished-at="2017-07-14T09:59:59Z">
          <reporter-output>
          </reporter-output>
        </test-method> <!-- updateplayerdetailtest -->
        <test-method status="PASS" signature="moveplayertest()[pri:4, instance:rest.basicAuth.playertest@4501b7af]" name="moveplayertest" duration-ms="107" started-at="2017-07-14T09:59:59Z" finished-at="2017-07-14T09:59:59Z">
          <reporter-output>
          </reporter-output>
        </test-method> <!-- moveplayertest -->
        <test-method status="PASS" signature="deleteplayertest()[pri:5, instance:rest.basicAuth.playertest@4501b7af]" name="deleteplayertest" duration-ms="199" started-at="2017-07-14T09:59:59Z" finished-at="2017-07-14T09:59:59Z">
          <reporter-output>
          </reporter-output>
        </test-method> <!-- deleteplayertest -->
        <test-method status="PASS" signature="alreadydeletedplayer_deletetest()[pri:6, instance:rest.basicAuth.playertest@4501b7af]" name="alreadydeletedplayer_deletetest" duration-ms="40" started-at="2017-07-14T09:59:59Z" finished-at="2017-07-14T10:00:00Z">
          <reporter-output>
          </reporter-output>
        </test-method> <!-- alreadydeletedplayer_deletetest -->
      </class> <!-- rest.basicAuth.playertest -->
    </test> <!-- test -->
  </suite> <!-- suite2 -->
</testng-results>
